<?xml version="1.0" encoding="UTF-8"?>
<!-- Generated by org.testng.reporters.JUnitXMLReporter -->
<testsuite ignored="6" hostname="DESKTOP-S6PS9AD" failures="0" tests="3" name="Demo_TestCaseName" time="0.98" errors="0" timestamp="2023-07-22T08:38:29 IST">
  <testcase classname="com.java.TestNG.TestAnnotation" name="test2" time="0.028"/>
  <testcase classname="com.java.TestNG.TestAnnotation" name="test3" time="0.014"/>
  <testcase classname="com.java.TestNG.TestAnnotation" name="test4" time="0.006"/>
  <testcase classname="com.java.TestNG.TestAnnotation" name="test1" time="0.0">
    <ignored/>
  </testcase> <!-- test1 -->
  <testcase classname="com.java.TestNG.TestAnnotation" name="test7" time="0.0">
    <ignored/>
  </testcase> <!-- test7 -->
  <testcase classname="com.java.TestNG.TestAnnotation" name="test8" time="0.0">
    <ignored/>
  </testcase> <!-- test8 -->
  <testcase classname="com.java.TestNG.TestAnnotation" name="test9" time="0.0">
    <ignored/>
  </testcase> <!-- test9 -->
  <testcase classname="com.java.TestNG.TestAnnotation" name="test6" time="0.0">
    <ignored/>
  </testcase> <!-- test6 -->
  <testcase classname="com.java.TestNG.TestAnnotation" name="test5" time="0.0">
    <ignored/>
  </testcase> <!-- test5 -->
</testsuite> <!-- Demo_TestCaseName -->
